# JRE version: OpenJDK Runtime Environment Microsoft-11369865 (17.0.15+6) (build 17.0.15+6-LTS)
# Java VM: OpenJDK 64-Bit Server VM Microsoft-11369865 (17.0.15+6-LTS, mixed mode, sharing, tiered, compressed oops, compressed class ptrs, g1 gc, windows-amd64)
GC Precious Log:
 CPUs: 4 total, 4 available
 Memory: 16272M
 Large Page Support: Disabled
 NUMA Support: Disabled
 Compressed Oops: Enabled (Zero based)
 Heap Region Size: 2M
 Heap Min Capacity: 8M
 Heap Initial Capacity: 256M
 Heap Max Capacity: 4070M
 Pre-touch: Disabled
 Parallel Workers: 4
 Concurrent Workers: 1
 Concurrent Refinement Workers: 4
 Periodic GC: Disabled
Heap:
 garbage-first heap   total 65536K, used 33443K [0x0000000701a00000, 0x0000000800000000)
  region size 2048K, 7 young (14336K), 1 survivors (2048K)
 Metaspace       used 55229K, committed 55744K, reserved 1114112K
  class space    used 7387K, committed 7616K, reserved 1048576K
GC Heap History (18 events):
Event: 0.530 GC heap before
{Heap before GC invocations=0 (full 0):
 garbage-first heap   total 262144K, used 12288K [0x0000000701a00000, 0x0000000800000000)
  region size 2048K, 6 young (12288K), 0 survivors (0K)
 Metaspace       used 2390K, committed 2560K, reserved 1114112K
  class space    used 230K, committed 320K, reserved 1048576K
}
Event: 0.535 GC heap after
{Heap after GC invocations=1 (full 0):
 garbage-first heap   total 262144K, used 6117K [0x0000000701a00000, 0x0000000800000000)
  region size 2048K, 1 young (2048K), 1 survivors (2048K)
 Metaspace       used 2390K, committed 2560K, reserved 1114112K
  class space    used 230K, committed 320K, reserved 1048576K
}
Event: 1.046 GC heap before
{Heap before GC invocations=1 (full 0):
 garbage-first heap   total 262144K, used 16357K [0x0000000701a00000, 0x0000000800000000)
  region size 2048K, 6 young (12288K), 1 survivors (2048K)
 Metaspace       used 5877K, committed 6080K, reserved 1114112K
  class space    used 693K, committed 768K, reserved 1048576K
}
Event: 1.050 GC heap after
{Heap after GC invocations=2 (full 0):
 garbage-first heap   total 262144K, used 7092K [0x0000000701a00000, 0x0000000800000000)
  region size 2048K, 1 young (2048K), 1 survivors (2048K)
 Metaspace       used 5877K, committed 6080K, reserved 1114112K
  class space    used 693K, committed 768K, reserved 1048576K
}
Event: 1.996 GC heap before
{Heap before GC invocations=2 (full 0):
 garbage-first heap   total 262144K, used 29620K [0x0000000701a00000, 0x0000000800000000)
  region size 2048K, 12 young (24576K), 1 survivors (2048K)
 Metaspace       used 11046K, committed 11264K, reserved 1114112K
  class space    used 1435K, committed 1536K, reserved 1048576K
}
Event: 2.001 GC heap after
{Heap after GC invocations=3 (full 0):
 garbage-first heap   total 262144K, used 8655K [0x0000000701a00000, 0x0000000800000000)
  region size 2048K, 2 young (4096K), 2 survivors (4096K)
 Metaspace       used 11046K, committed 11264K, reserved 1114112K
  class space    used 1435K, committed 1536K, reserved 1048576K
}
Event: 3.181 GC heap before
{Heap before GC invocations=3 (full 0):
 garbage-first heap   total 262144K, used 57807K [0x0000000701a00000, 0x0000000800000000)
  region size 2048K, 27 young (55296K), 2 survivors (4096K)
 Metaspace       used 21156K, committed 21504K, reserved 1114112K
  class space    used 2720K, committed 2880K, reserved 1048576K
}
Event: 3.194 GC heap after
{Heap after GC invocations=4 (full 0):
 garbage-first heap   total 262144K, used 13827K [0x0000000701a00000, 0x0000000800000000)
  region size 2048K, 4 young (8192K), 4 survivors (8192K)
 Metaspace       used 21156K, committed 21504K, reserved 1114112K
  class space    used 2720K, committed 2880K, reserved 1048576K
}
Event: 5.098 GC heap before
{Heap before GC invocations=5 (full 0):
 garbage-first heap   total 55296K, used 54787K [0x0000000701a00000, 0x0000000800000000)
  region size 2048K, 24 young (49152K), 4 survivors (8192K)
 Metaspace       used 27776K, committed 28224K, reserved 1114112K
  class space    used 3690K, committed 3904K, reserved 1048576K
}
Event: 5.114 GC heap after
{Heap after GC invocations=6 (full 0):
 garbage-first heap   total 65536K, used 16384K [0x0000000701a00000, 0x0000000800000000)
  region size 2048K, 5 young (10240K), 5 survivors (10240K)
 Metaspace       used 27776K, committed 28224K, reserved 1114112K
  class space    used 3690K, committed 3904K, reserved 1048576K
}
Event: 6.114 GC heap before
{Heap before GC invocations=6 (full 0):
 garbage-first heap   total 65536K, used 40960K [0x0000000701a00000, 0x0000000800000000)
  region size 2048K, 18 young (36864K), 5 survivors (10240K)
 Metaspace       used 33894K, committed 34368K, reserved 1114112K
  class space    used 4466K, committed 4672K, reserved 1048576K
}
Event: 6.127 GC heap after
{Heap after GC invocations=7 (full 0):
 garbage-first heap   total 65536K, used 18992K [0x0000000701a00000, 0x0000000800000000)
  region size 2048K, 2 young (4096K), 2 survivors (4096K)
 Metaspace       used 33894K, committed 34368K, reserved 1114112K
  class space    used 4466K, committed 4672K, reserved 1048576K
}
Event: 6.358 GC heap before
{Heap before GC invocations=7 (full 0):
 garbage-first heap   total 65536K, used 23088K [0x0000000701a00000, 0x0000000800000000)
  region size 2048K, 6 young (12288K), 2 survivors (4096K)
 Metaspace       used 35552K, committed 35968K, reserved 1114112K
  class space    used 4726K, committed 4928K, reserved 1048576K
}
Event: 6.362 GC heap after
{Heap after GC invocations=8 (full 0):
 garbage-first heap   total 65536K, used 19559K [0x0000000701a00000, 0x0000000800000000)
  region size 2048K, 1 young (2048K), 1 survivors (2048K)
 Metaspace       used 35552K, committed 35968K, reserved 1114112K
  class space    used 4726K, committed 4928K, reserved 1048576K
}
Event: 7.432 GC heap before
{Heap before GC invocations=9 (full 0):
 garbage-first heap   total 65536K, used 44135K [0x0000000701a00000, 0x0000000800000000)
  region size 2048K, 13 young (26624K), 1 survivors (2048K)
 Metaspace       used 45386K, committed 45824K, reserved 1114112K
  class space    used 6046K, committed 6208K, reserved 1048576K
}
Event: 7.437 GC heap after
{Heap after GC invocations=10 (full 0):
 garbage-first heap   total 65536K, used 21599K [0x0000000701a00000, 0x0000000800000000)
  region size 2048K, 2 young (4096K), 2 survivors (4096K)
 Metaspace       used 45386K, committed 45824K, reserved 1114112K
  class space    used 6046K, committed 6208K, reserved 1048576K
}
Event: 8.274 GC heap before
{Heap before GC invocations=11 (full 0):
 garbage-first heap   total 65536K, used 46175K [0x0000000701a00000, 0x0000000800000000)
  region size 2048K, 14 young (28672K), 2 survivors (4096K)
 Metaspace       used 50794K, committed 51328K, reserved 1114112K
  class space    used 6743K, committed 6976K, reserved 1048576K
}
Event: 8.279 GC heap after
{Heap after GC invocations=12 (full 0):
 garbage-first heap   total 65536K, used 23203K [0x0000000701a00000, 0x0000000800000000)
  region size 2048K, 1 young (2048K), 1 survivors (2048K)
 Metaspace       used 50794K, committed 51328K, reserved 1114112K
  class space    used 6743K, committed 6976K, reserved 1048576K
}

